2019-05-03 15:15:48 [main] INFO  inscriptions.HibernateFactory - Starting Configuring SessionFactory .......
2019-05-03 15:15:49 [main] INFO  org.hibernate.Version - HHH000412: Hibernate Core {5.4.2.Final}
2019-05-03 15:15:49 [main] INFO  o.h.annotations.common.Version - HCANN000001: Hibernate Commons Annotations {5.1.0.Final}
2019-05-03 15:15:49 [main] WARN  o.hibernate.orm.connections.pooling - HHH10001002: Using Hibernate built-in connection pool (not for production use!)
2019-05-03 15:15:49 [main] INFO  o.hibernate.orm.connections.pooling - HHH10001005: using driver [com.mysql.cj.jdbc.Driver] at URL [jdbc:mysql://localhost:3306/inscription_sportive]
2019-05-03 15:15:49 [main] INFO  o.hibernate.orm.connections.pooling - HHH10001001: Connection properties: {user=root, password=****}
2019-05-03 15:15:49 [main] INFO  o.hibernate.orm.connections.pooling - HHH10001003: Autocommit mode: false
2019-05-03 15:15:49 [main] INFO  o.h.e.j.c.i.DriverManagerConnectionProviderImpl - HHH000115: Hibernate connection pool size: 20 (min=1)
2019-05-03 15:15:50 [main] INFO  org.hibernate.dialect.Dialect - HHH000400: Using dialect: org.hibernate.dialect.MySQL5InnoDBDialect
2019-05-03 15:15:51 [main] DEBUG org.hibernate.SQL - alter table Equipe drop foreign key FKd1f4xy55n4497byvicfe2jq4e
2019-05-03 15:15:51 [main] INFO  org.hibernate.orm.connections.access - HHH10001501: Connection obtained from JdbcConnectionAccess [org.hibernate.engine.jdbc.env.internal.JdbcEnvironmentInitiator$ConnectionProviderJdbcConnectionAccess@4a6c18ad] for (non-JTA) DDL execution was not in auto-commit mode; the Connection 'local transaction' will be committed and the Connection will be set into auto-commit mode.
2019-05-03 15:15:51 [main] DEBUG org.hibernate.SQL - alter table equipe_personne drop foreign key FK7lwxgoohbtayfvjc92ghhwqs8
2019-05-03 15:15:51 [main] DEBUG org.hibernate.SQL - alter table equipe_personne drop foreign key FKst5q3dt56g6vox425x0ihsa27
2019-05-03 15:15:51 [main] DEBUG org.hibernate.SQL - alter table inscriptions drop foreign key FKkvmysq8xrpussqadx6lby66n9
2019-05-03 15:15:51 [main] DEBUG org.hibernate.SQL - alter table inscriptions drop foreign key FKm0fgp8nb1q1q3pqfbsa1t9521
2019-05-03 15:15:51 [main] DEBUG org.hibernate.SQL - alter table Personne drop foreign key FKdpvegihcmnsyltdx6cfvhqvf6
2019-05-03 15:15:51 [main] DEBUG org.hibernate.SQL - drop table if exists Candidat
2019-05-03 15:15:51 [main] DEBUG org.hibernate.SQL - drop table if exists Competition
2019-05-03 15:15:51 [main] DEBUG org.hibernate.SQL - drop table if exists Equipe
2019-05-03 15:15:51 [main] DEBUG org.hibernate.SQL - drop table if exists equipe_personne
2019-05-03 15:15:51 [main] DEBUG org.hibernate.SQL - drop table if exists inscriptions
2019-05-03 15:15:51 [main] DEBUG org.hibernate.SQL - drop table if exists Personne
2019-05-03 15:15:51 [main] DEBUG org.hibernate.SQL - create table Candidat (id integer not null auto_increment, nom varchar(255), primary key (id)) engine=InnoDB
2019-05-03 15:15:51 [main] INFO  org.hibernate.orm.connections.access - HHH10001501: Connection obtained from JdbcConnectionAccess [org.hibernate.engine.jdbc.env.internal.JdbcEnvironmentInitiator$ConnectionProviderJdbcConnectionAccess@16c8b7bd] for (non-JTA) DDL execution was not in auto-commit mode; the Connection 'local transaction' will be committed and the Connection will be set into auto-commit mode.
2019-05-03 15:15:51 [main] DEBUG org.hibernate.SQL - create table Competition (id integer not null auto_increment, dateCloture date not null, enEquipe TINYINT, nom varchar(255), primary key (id)) engine=InnoDB
2019-05-03 15:15:51 [main] DEBUG org.hibernate.SQL - create table Equipe (id integer not null, primary key (id)) engine=InnoDB
2019-05-03 15:15:51 [main] DEBUG org.hibernate.SQL - create table equipe_personne (fk_equipe integer not null, fk_personne integer not null, primary key (fk_equipe, fk_personne)) engine=InnoDB
2019-05-03 15:15:51 [main] DEBUG org.hibernate.SQL - create table inscriptions (fk_candidat integer not null, fk_competition integer not null, primary key (fk_candidat, fk_competition)) engine=InnoDB
2019-05-03 15:15:51 [main] DEBUG org.hibernate.SQL - create table Personne (mail varchar(255), prenom varchar(255), id integer not null, primary key (id)) engine=InnoDB
2019-05-03 15:15:51 [main] DEBUG org.hibernate.SQL - alter table Equipe add constraint FKd1f4xy55n4497byvicfe2jq4e foreign key (id) references Candidat (id)
2019-05-03 15:15:51 [main] DEBUG org.hibernate.SQL - alter table equipe_personne add constraint FK7lwxgoohbtayfvjc92ghhwqs8 foreign key (fk_personne) references Personne (id)
2019-05-03 15:15:51 [main] DEBUG org.hibernate.SQL - alter table equipe_personne add constraint FKst5q3dt56g6vox425x0ihsa27 foreign key (fk_equipe) references Equipe (id)
2019-05-03 15:15:51 [main] DEBUG org.hibernate.SQL - alter table inscriptions add constraint FKkvmysq8xrpussqadx6lby66n9 foreign key (fk_competition) references Competition (id)
2019-05-03 15:15:51 [main] DEBUG org.hibernate.SQL - alter table inscriptions add constraint FKm0fgp8nb1q1q3pqfbsa1t9521 foreign key (fk_candidat) references Candidat (id)
2019-05-03 15:15:51 [main] DEBUG org.hibernate.SQL - alter table Personne add constraint FKdpvegihcmnsyltdx6cfvhqvf6 foreign key (id) references Candidat (id)
2019-05-03 15:15:51 [main] INFO  o.h.t.s.internal.SchemaCreatorImpl - HHH000476: Executing import script 'D:\Utilisateurs\Raya\rayan\inscriptionsSportives-master\data.sql'
2019-05-03 15:15:51 [main] DEBUG org.hibernate.SQL - INSERT INTO `inscription_sportive`.`competition` (`dateCloture`, `enEquipe`, `nom`) VALUES ('2019-06-02', '1', 'world cup')
2019-05-03 15:15:51 [main] INFO  o.h.e.t.j.p.i.JtaPlatformInitiator - HHH000490: Using JtaPlatform implementation: [org.hibernate.engine.transaction.jta.platform.internal.NoJtaPlatform]
2019-05-03 15:15:51 [main] INFO  inscriptions.HibernateFactory - Configuring SessionFactory with SUCCESS .......
2019-05-03 15:16:05 [main] DEBUG org.hibernate.SQL - select competitio0_.id as id1_1_, competitio0_.dateCloture as dateClot2_1_, competitio0_.enEquipe as enEquipe3_1_, competitio0_.nom as nom4_1_ from Competition competitio0_
2019-05-03 15:16:05 [main] TRACE o.h.t.descriptor.sql.BasicExtractor - extracted value ([id1_1_] : [INTEGER]) - [1]
2019-05-03 15:16:05 [main] TRACE o.h.t.descriptor.sql.BasicExtractor - extracted value ([dateClot2_1_] : [DATE]) - [2019-06-02]
2019-05-03 15:16:05 [main] TRACE o.h.t.descriptor.sql.BasicExtractor - extracted value ([enEquipe3_1_] : [INTEGER]) - [true]
2019-05-03 15:16:05 [main] TRACE o.h.t.descriptor.sql.BasicExtractor - extracted value ([nom4_1_] : [VARCHAR]) - [world cup]
2019-05-03 15:16:05 [main] DEBUG org.hibernate.SQL - select candidats0_.fk_competition as fk_compe2_4_0_, candidats0_.fk_candidat as fk_candi1_4_0_, candidat1_.id as id1_0_1_, candidat1_.nom as nom2_0_1_, candidat1_2_.mail as mail1_5_1_, candidat1_2_.prenom as prenom2_5_1_, case when candidat1_1_.id is not null then 1 when candidat1_2_.id is not null then 2 when candidat1_.id is not null then 0 end as clazz_1_ from inscriptions candidats0_ inner join Candidat candidat1_ on candidats0_.fk_candidat=candidat1_.id left outer join Equipe candidat1_1_ on candidat1_.id=candidat1_1_.id left outer join Personne candidat1_2_ on candidat1_.id=candidat1_2_.id where candidats0_.fk_competition=?
2019-05-03 15:16:05 [main] TRACE o.h.type.descriptor.sql.BasicBinder - binding parameter [1] as [INTEGER] - [1]
